<?xml version="1.0" encoding="UTF-8"?>
<!-- Generated by org.testng.reporters.JUnitReportReporter -->
<testsuite hostname="hana" failures="0" tests="1" name="TestPackage.SastaTest" time="43.399" errors="0" timestamp="2024-12-28T18:21:56 IST" skipped="0">
  <testcase classname="TestPackage.SastaTest" name="testSasta" time="43.399"/>
  <system-out/>
</testsuite> <!-- TestPackage.SastaTest -->
